mode: set
github.com/KoksalBerkay/bookings/cmd/web/main.go:22.13,24.16 2 0
github.com/KoksalBerkay/bookings/cmd/web/main.go:28.2,36.16 4 0
github.com/KoksalBerkay/bookings/cmd/web/main.go:24.16,26.3 1 0
github.com/KoksalBerkay/bookings/cmd/web/main.go:40.18,57.16 10 1
github.com/KoksalBerkay/bookings/cmd/web/main.go:62.2,69.12 6 1
github.com/KoksalBerkay/bookings/cmd/web/main.go:57.16,60.3 2 0
github.com/KoksalBerkay/bookings/cmd/web/middleware.go:10.53,11.71 1 0
github.com/KoksalBerkay/bookings/cmd/web/middleware.go:11.71,14.3 2 0
github.com/KoksalBerkay/bookings/cmd/web/middleware.go:18.45,28.2 3 1
github.com/KoksalBerkay/bookings/cmd/web/middleware.go:31.50,33.2 1 1
github.com/KoksalBerkay/bookings/cmd/web/routes.go:12.49,38.2 18 1
